[2022-04-23 07:00:23] production.WARNING: array (
  'apikey' => 'C0544FB87E1D24380A727FA9FDBD61C6',
  'game' => 'evo-n-baccarat-c',
  'lang' => 'en',
  'userid' => '7.USD.61af92b40ff90b58bc380884*np_bnb-usd',
)  
[2022-04-23 07:00:23] production.WARNING: https://evconnect.slotts.io/session/OMGreal/evolutiongaming/7.USD.61af92b40ff90b58bc380884*np_bnb-usd/baccarat_c/219/real/7.USD.61af92b40ff90b58bc380884*np_bnb-usd/en/  
[2022-04-23 07:00:31] production.CRITICAL: https://api-m.tollgate.io/calls/aggregation/game/balance?currency=usd&playerid=7.USD.61af92b40ff90b58bc380884*np_bnb  
[2022-04-23 07:00:31] production.CRITICAL: https://api-m.tollgate.io/calls/aggregation/game/balance?currency=usd&playerid=7.USD.61af92b40ff90b58bc380884*np_bnb  
[2022-04-23 07:00:44] production.CRITICAL: https://api-m.tollgate.io/calls/aggregation/game/balance?currency=usd&playerid=7.USD.61af92b40ff90b58bc380884*np_bnb  
[2022-04-23 07:00:53] production.WARNING: array (
  'apikey' => 'C0544FB87E1D24380A727FA9FDBD61C6',
  'userid' => '7.USD.626323c278d3322beb7a3910*np_rxcg-usd',
  'lang' => 'en',
  'game' => 'evo-n-evolution-live-top-games',
)  
[2022-04-23 07:00:53] production.WARNING: https://evconnect.slotts.io/session/OMGreal/evolutiongaming/7.USD.626323c278d3322beb7a3910*np_rxcg-usd/top_games/219/real/7.USD.626323c278d3322beb7a3910*np_rxcg-usd/en/  
[2022-04-23 07:00:59] production.CRITICAL: https://api-m.tollgate.io/calls/aggregation/game/balance?currency=usd&playerid=7.USD.626323c278d3322beb7a3910*np_rxcg  
[2022-04-23 07:01:21] production.CRITICAL: https://api-m.tollgate.io/calls/aggregation/game/balance?currency=usd&playerid=7.USD.61af92b40ff90b58bc380884*np_bnb  
[2022-04-23 07:02:00] production.CRITICAL: https://api-m.tollgate.io/calls/aggregation/game/balance?currency=usd&playerid=7.USD.61af92b40ff90b58bc380884*np_bnb  
[2022-04-23 07:02:39] production.CRITICAL: https://api-m.tollgate.io/calls/aggregation/game/balance?currency=usd&playerid=7.USD.61af92b40ff90b58bc380884*np_bnb  
[2022-04-23 07:03:13] production.CRITICAL: https://api-m.tollgate.io/calls/aggregation/game/balance?currency=usd&playerid=7.USD.61af92b40ff90b58bc380884*np_bnb  
[2022-04-23 07:03:53] production.CRITICAL: https://api-m.tollgate.io/calls/aggregation/game/balance?currency=usd&playerid=7.USD.61af92b40ff90b58bc380884*np_bnb  
[2022-04-23 07:04:34] production.CRITICAL: https://api-m.tollgate.io/calls/aggregation/game/balance?currency=usd&playerid=7.USD.61af92b40ff90b58bc380884*np_bnb  
[2022-04-23 07:05:13] production.CRITICAL: https://api-m.tollgate.io/calls/aggregation/game/balance?currency=usd&playerid=7.USD.61af92b40ff90b58bc380884*np_bnb  
[2022-04-23 07:05:48] production.CRITICAL: https://api-m.tollgate.io/calls/aggregation/game/balance?currency=usd&playerid=7.USD.61af92b40ff90b58bc380884*np_bnb  
[2022-04-23 07:06:26] production.CRITICAL: https://api-m.tollgate.io/calls/aggregation/game/balance?currency=usd&playerid=7.USD.61af92b40ff90b58bc380884*np_bnb  
[2022-04-23 07:07:05] production.CRITICAL: https://api-m.tollgate.io/calls/aggregation/game/balance?currency=usd&playerid=7.USD.61af92b40ff90b58bc380884*np_bnb  
[2022-04-23 07:07:47] production.CRITICAL: https://api-m.tollgate.io/calls/aggregation/game/balance?currency=usd&playerid=7.USD.61af92b40ff90b58bc380884*np_bnb  
[2022-04-23 07:08:21] production.CRITICAL: https://api-m.tollgate.io/calls/aggregation/game/balance?currency=usd&playerid=7.USD.61af92b40ff90b58bc380884*np_bnb  
[2022-04-23 07:09:01] production.CRITICAL: https://api-m.tollgate.io/calls/aggregation/game/balance?currency=usd&playerid=7.USD.61af92b40ff90b58bc380884*np_bnb  
[2022-04-23 07:09:35] production.CRITICAL: https://api-m.tollgate.io/calls/aggregation/game/balance?currency=usd&playerid=7.USD.61af92b40ff90b58bc380884*np_bnb  
[2022-04-23 07:10:19] production.CRITICAL: https://api-m.tollgate.io/calls/aggregation/game/balance?currency=usd&playerid=7.USD.61af92b40ff90b58bc380884*np_bnb  
[2022-04-23 07:10:55] production.CRITICAL: https://api-m.tollgate.io/calls/aggregation/game/balance?currency=usd&playerid=7.USD.61af92b40ff90b58bc380884*np_bnb  
[2022-04-23 07:11:30] production.CRITICAL: https://api-m.tollgate.io/calls/aggregation/game/balance?currency=usd&playerid=7.USD.61af92b40ff90b58bc380884*np_bnb  
[2022-04-23 07:12:05] production.CRITICAL: https://api-m.tollgate.io/calls/aggregation/game/balance?currency=usd&playerid=7.USD.61af92b40ff90b58bc380884*np_bnb  
[2022-04-23 07:12:40] production.CRITICAL: https://api-m.tollgate.io/calls/aggregation/game/balance?currency=usd&playerid=7.USD.61af92b40ff90b58bc380884*np_bnb  
[2022-04-23 07:13:19] production.CRITICAL: https://api-m.tollgate.io/calls/aggregation/game/balance?currency=usd&playerid=7.USD.61af92b40ff90b58bc380884*np_bnb  
[2022-04-23 07:14:01] production.CRITICAL: https://api-m.tollgate.io/calls/aggregation/game/balance?currency=usd&playerid=7.USD.61af92b40ff90b58bc380884*np_bnb  
[2022-04-23 07:15:33] production.CRITICAL: https://api-m.tollgate.io/calls/aggregation/game/balance?currency=usd&playerid=7.USD.61af92b40ff90b58bc380884*np_bnb  
[2022-04-23 07:16:14] production.CRITICAL: https://api-m.tollgate.io/calls/aggregation/game/balance?currency=usd&playerid=7.USD.61af92b40ff90b58bc380884*np_bnb  
[2022-04-23 07:16:48] production.CRITICAL: https://api-m.tollgate.io/calls/aggregation/game/balance?currency=usd&playerid=7.USD.61af92b40ff90b58bc380884*np_bnb  
[2022-04-23 07:17:27] production.CRITICAL: https://api-m.tollgate.io/calls/aggregation/game/balance?currency=usd&playerid=7.USD.61af92b40ff90b58bc380884*np_bnb  
[2022-04-23 07:18:06] production.CRITICAL: https://api-m.tollgate.io/calls/aggregation/game/balance?currency=usd&playerid=7.USD.61af92b40ff90b58bc380884*np_bnb  
[2022-04-23 07:18:40] production.CRITICAL: https://api-m.tollgate.io/calls/aggregation/game/balance?currency=usd&playerid=7.USD.61af92b40ff90b58bc380884*np_bnb  
[2022-04-23 07:19:19] production.CRITICAL: https://api-m.tollgate.io/calls/aggregation/game/balance?currency=usd&playerid=7.USD.61af92b40ff90b58bc380884*np_bnb  
[2022-04-23 07:19:54] production.CRITICAL: https://api-m.tollgate.io/calls/aggregation/game/balance?currency=usd&playerid=7.USD.61af92b40ff90b58bc380884*np_bnb  
[2022-04-23 07:20:31] production.CRITICAL: https://api-m.tollgate.io/calls/aggregation/game/balance?currency=usd&playerid=7.USD.61af92b40ff90b58bc380884*np_bnb  
[2022-04-23 07:21:06] production.CRITICAL: https://api-m.tollgate.io/calls/aggregation/game/balance?currency=usd&playerid=7.USD.61af92b40ff90b58bc380884*np_bnb  
[2022-04-23 07:21:44] production.CRITICAL: https://api-m.tollgate.io/calls/aggregation/game/balance?currency=usd&playerid=7.USD.61af92b40ff90b58bc380884*np_bnb  
[2022-04-23 07:22:18] production.CRITICAL: https://api-m.tollgate.io/calls/aggregation/game/balance?currency=usd&playerid=7.USD.61af92b40ff90b58bc380884*np_bnb  
[2022-04-23 07:22:57] production.CRITICAL: https://api-m.tollgate.io/calls/aggregation/game/balance?currency=usd&playerid=7.USD.61af92b40ff90b58bc380884*np_bnb  
[2022-04-23 07:23:36] production.CRITICAL: https://api-m.tollgate.io/calls/aggregation/game/balance?currency=usd&playerid=7.USD.61af92b40ff90b58bc380884*np_bnb  
[2022-04-23 07:24:13] production.CRITICAL: https://api-m.tollgate.io/calls/aggregation/game/balance?currency=usd&playerid=7.USD.61af92b40ff90b58bc380884*np_bnb  
[2022-04-23 07:25:04] production.CRITICAL: https://api-m.tollgate.io/calls/aggregation/game/balance?currency=usd&playerid=7.USD.61af92b40ff90b58bc380884*np_bnb  
[2022-04-23 07:25:42] production.CRITICAL: https://api-m.tollgate.io/calls/aggregation/game/balance?currency=usd&playerid=7.USD.61af92b40ff90b58bc380884*np_bnb  
[2022-04-23 07:26:25] production.CRITICAL: https://api-m.tollgate.io/calls/aggregation/game/balance?currency=usd&playerid=7.USD.61af92b40ff90b58bc380884*np_bnb  
[2022-04-23 07:27:19] production.CRITICAL: https://api-m.tollgate.io/calls/aggregation/game/balance?currency=usd&playerid=7.USD.61af92b40ff90b58bc380884*np_bnb  
[2022-04-23 07:27:57] production.CRITICAL: https://api-m.tollgate.io/calls/aggregation/game/balance?currency=usd&playerid=7.USD.61af92b40ff90b58bc380884*np_bnb  
[2022-04-23 07:28:38] production.CRITICAL: https://api-m.tollgate.io/calls/aggregation/game/balance?currency=usd&playerid=7.USD.61af92b40ff90b58bc380884*np_bnb  
[2022-04-23 07:29:17] production.CRITICAL: https://api-m.tollgate.io/calls/aggregation/game/balance?currency=usd&playerid=7.USD.61af92b40ff90b58bc380884*np_bnb  
[2022-04-23 07:30:00] production.CRITICAL: https://api-m.tollgate.io/calls/aggregation/game/balance?currency=usd&playerid=7.USD.61af92b40ff90b58bc380884*np_bnb  
[2022-04-23 14:03:55] production.WARNING: array (
  'apikey' => 'C0544FB87E1D24380A727FA9FDBD61C6',
  'userid' => '21412-usd',
  'lang' => 'en',
  'game' => 'evo-n-baccarat-c',
)  
[2022-04-23 14:03:55] production.WARNING: https://evconnect.slotts.io/session/OMGreal/evolutiongaming/21412-usd/baccarat_c/219/real/21412-usd/en/  
[2022-04-23 14:04:17] production.WARNING: array (
  'apikey' => 'C0544FB87E1D24380A727FA9FDBD61C6',
  'userid' => '7.USD.61af92b40ff90b58bc380884*np_bnb-usd',
  'lang' => 'en',
  'game' => 'evo-n-evolution-live-top-games',
)  
[2022-04-23 14:04:17] production.WARNING: https://evconnect.slotts.io/session/OMGreal/evolutiongaming/7.USD.61af92b40ff90b58bc380884*np_bnb-usd/top_games/219/real/7.USD.61af92b40ff90b58bc380884*np_bnb-usd/en/  
[2022-04-23 14:54:29] production.WARNING: array (
  'apikey' => 'C0544FB87E1D24380A727FA9FDBD61C6',
  'userid' => '7.USD.626323c278d3322beb7a3910*np_rxcg-usd',
  'lang' => 'en',
  'game' => 'evo-n-evolution-live-top-games',
)  
[2022-04-23 14:54:29] production.WARNING: https://evconnect.slotts.io/session/OMGreal/evolutiongaming/7.USD.626323c278d3322beb7a3910*np_rxcg-usd/top_games/219/real/7.USD.626323c278d3322beb7a3910*np_rxcg-usd/en/  
[2022-04-23 14:54:51] production.WARNING: array (
  'apikey' => 'C0544FB87E1D24380A727FA9FDBD61C6',
  'userid' => '7.USD.626323c278d3322beb7a3910*np_rxcg-usd',
  'lang' => 'en',
  'game' => 'evo-n-evolution-live-top-games',
)  
[2022-04-23 14:54:51] production.WARNING: https://evconnect.slotts.io/session/OMGreal/evolutiongaming/7.USD.626323c278d3322beb7a3910*np_rxcg-usd/top_games/219/real/7.USD.626323c278d3322beb7a3910*np_rxcg-usd/en/  
[2022-04-23 15:05:04] production.WARNING: array (
  'apikey' => 'C0544FB87E1D24380A727FA9FDBD61C6',
  'userid' => '7.USD.626323c278d3322beb7a3910*np_rxcg-usd',
  'lang' => 'en',
  'game' => 'evo-n-evolution-live-top-games',
)  
[2022-04-23 15:05:04] production.WARNING: https://evconnect.slotts.io/session/OMGreal/evolutiongaming/7.USD.626323c278d3322beb7a3910*np_rxcg-usd/top_games/219/real/7.USD.626323c278d3322beb7a3910*np_rxcg-usd/en/  
[2022-04-23 15:06:03] production.CRITICAL: https://api-m.tollgate.io/calls/aggregation/game/balance?currency=usd&playerid=7.USD.626323c278d3322beb7a3910*np_rxcg  
[2022-04-23 15:06:03] production.WARNING: array (
  'apikey' => 'C0544FB87E1D24380A727FA9FDBD61C6',
  'userid' => '7.USD.626323c278d3322beb7a3910*np_rxcg-usd',
  'lang' => 'en',
  'game' => 'evo-n-evolution-live-top-games',
)  
[2022-04-23 15:06:03] production.WARNING: https://evconnect.slotts.io/session/OMGreal/evolutiongaming/7.USD.626323c278d3322beb7a3910*np_rxcg-usd/top_games/219/real/7.USD.626323c278d3322beb7a3910*np_rxcg-usd/en/  
[2022-04-23 15:06:35] production.CRITICAL: https://api-m.tollgate.io/calls/aggregation/game/balance?currency=usd&playerid=7.USD.626323c278d3322beb7a3910*np_rxcg  
[2022-04-23 15:07:36] production.CRITICAL: https://api-m.tollgate.io/calls/aggregation/game/balance?currency=usd&playerid=7.USD.626323c278d3322beb7a3910*np_rxcg  
[2022-04-23 15:07:38] production.CRITICAL: https://api-m.tollgate.io/calls/aggregation/game/balance?currency=usd&playerid=7.USD.626323c278d3322beb7a3910*np_rxcg  
[2022-04-23 15:07:39] production.CRITICAL: https://api-m.tollgate.io/calls/aggregation/game/balance?currency=usd&playerid=7.USD.626323c278d3322beb7a3910*np_rxcg  
[2022-04-23 15:07:47] production.CRITICAL: https://api-m.tollgate.io/calls/aggregation/game/balance?currency=usd&playerid=7.USD.626323c278d3322beb7a3910*np_rxcg  
[2022-04-23 15:07:48] production.CRITICAL: https://api-m.tollgate.io/calls/aggregation/game/balance?currency=usd&playerid=7.USD.626323c278d3322beb7a3910*np_rxcg  
[2022-04-23 15:07:49] production.CRITICAL: https://api-m.tollgate.io/calls/aggregation/game/balance?currency=usd&playerid=7.USD.626323c278d3322beb7a3910*np_rxcg  
[2022-04-23 15:08:00] production.CRITICAL: https://api-m.tollgate.io/calls/aggregation/game/balance?currency=usd&playerid=7.USD.626323c278d3322beb7a3910*np_rxcg  
[2022-04-23 15:08:10] production.CRITICAL: https://api-m.tollgate.io/calls/aggregation/game/balance?currency=usd&playerid=7.USD.626323c278d3322beb7a3910*np_rxcg  
[2022-04-23 15:08:36] production.CRITICAL: https://api-m.tollgate.io/calls/aggregation/game/balance?currency=usd&playerid=7.USD.626323c278d3322beb7a3910*np_rxcg  
[2022-04-23 15:08:44] production.CRITICAL: https://api-m.tollgate.io/calls/aggregation/game/balance?currency=usd&playerid=7.USD.626323c278d3322beb7a3910*np_rxcg  
[2022-04-23 15:09:18] production.CRITICAL: https://api-m.tollgate.io/calls/aggregation/game/balance?currency=usd&playerid=7.USD.626323c278d3322beb7a3910*np_rxcg  
[2022-04-23 15:09:34] production.CRITICAL: https://api-m.tollgate.io/calls/aggregation/game/balance?currency=usd&playerid=7.USD.626323c278d3322beb7a3910*np_rxcg  
[2022-04-23 15:09:35] production.CRITICAL: https://api-m.tollgate.io/calls/aggregation/game/balance?currency=usd&playerid=7.USD.626323c278d3322beb7a3910*np_rxcg  
[2022-04-23 15:09:37] production.CRITICAL: https://api-m.tollgate.io/calls/aggregation/game/balance?currency=usd&playerid=7.USD.626323c278d3322beb7a3910*np_rxcg  
[2022-04-23 15:09:51] production.CRITICAL: https://api-m.tollgate.io/calls/aggregation/game/balance?currency=usd&playerid=7.USD.626323c278d3322beb7a3910*np_rxcg  
[2022-04-23 15:10:25] production.CRITICAL: https://api-m.tollgate.io/calls/aggregation/game/balance?currency=usd&playerid=7.USD.626323c278d3322beb7a3910*np_rxcg  
[2022-04-23 15:10:53] production.CRITICAL: https://api-m.tollgate.io/calls/aggregation/game/balance?currency=usd&playerid=7.USD.626323c278d3322beb7a3910*np_rxcg  
[2022-04-23 15:11:12] production.CRITICAL: https://api-m.tollgate.io/calls/aggregation/game/balance?currency=usd&playerid=7.USD.626323c278d3322beb7a3910*np_rxcg  
[2022-04-23 15:12:00] production.CRITICAL: https://api-m.tollgate.io/calls/aggregation/game/balance?currency=usd&playerid=7.USD.626323c278d3322beb7a3910*np_rxcg  
[2022-04-23 15:12:22] production.CRITICAL: https://api-m.tollgate.io/calls/aggregation/game/balance?currency=usd&playerid=7.USD.626323c278d3322beb7a3910*np_rxcg  
[2022-04-23 15:12:46] production.CRITICAL: https://api-m.tollgate.io/calls/aggregation/game/balance?currency=usd&playerid=7.USD.626323c278d3322beb7a3910*np_rxcg  
[2022-04-23 15:12:48] production.CRITICAL: https://api-m.tollgate.io/calls/aggregation/game/balance?currency=usd&playerid=7.USD.626323c278d3322beb7a3910*np_rxcg  
[2022-04-23 15:13:11] production.CRITICAL: https://api-m.tollgate.io/calls/aggregation/game/balance?currency=usd&playerid=7.USD.626323c278d3322beb7a3910*np_rxcg  
[2022-04-23 15:13:35] production.CRITICAL: https://api-m.tollgate.io/calls/aggregation/game/balance?currency=usd&playerid=7.USD.626323c278d3322beb7a3910*np_rxcg  
[2022-04-23 15:13:36] production.CRITICAL: https://api-m.tollgate.io/calls/aggregation/game/balance?currency=usd&playerid=7.USD.626323c278d3322beb7a3910*np_rxcg  
[2022-04-23 15:14:25] production.CRITICAL: https://api-m.tollgate.io/calls/aggregation/game/balance?currency=usd&playerid=7.USD.626323c278d3322beb7a3910*np_rxcg  
[2022-04-23 15:15:08] production.CRITICAL: https://api-m.tollgate.io/calls/aggregation/game/balance?currency=usd&playerid=7.USD.626323c278d3322beb7a3910*np_rxcg  
[2022-04-23 15:16:05] production.CRITICAL: https://api-m.tollgate.io/calls/aggregation/game/balance?currency=usd&playerid=7.USD.626323c278d3322beb7a3910*np_rxcg  
[2022-04-23 15:16:55] production.CRITICAL: https://api-m.tollgate.io/calls/aggregation/game/balance?currency=usd&playerid=7.USD.626323c278d3322beb7a3910*np_rxcg  
[2022-04-23 15:18:04] production.CRITICAL: https://api-m.tollgate.io/calls/aggregation/game/balance?currency=usd&playerid=7.USD.626323c278d3322beb7a3910*np_rxcg  
[2022-04-23 15:18:09] production.CRITICAL: https://api-m.tollgate.io/calls/aggregation/game/balance?currency=usd&playerid=7.USD.626323c278d3322beb7a3910*np_rxcg  
[2022-04-23 15:18:54] production.CRITICAL: https://api-m.tollgate.io/calls/aggregation/game/balance?currency=usd&playerid=7.USD.626323c278d3322beb7a3910*np_rxcg  
[2022-04-23 15:19:42] production.CRITICAL: https://api-m.tollgate.io/calls/aggregation/game/balance?currency=usd&playerid=7.USD.626323c278d3322beb7a3910*np_rxcg  
[2022-04-23 15:19:43] production.CRITICAL: https://api-m.tollgate.io/calls/aggregation/game/balance?currency=usd&playerid=7.USD.626323c278d3322beb7a3910*np_rxcg  
[2022-04-23 15:20:23] production.CRITICAL: https://api-m.tollgate.io/calls/aggregation/game/balance?currency=usd&playerid=7.USD.626323c278d3322beb7a3910*np_rxcg  
[2022-04-23 15:20:30] production.CRITICAL: https://api-m.tollgate.io/calls/aggregation/game/balance?currency=usd&playerid=7.USD.626323c278d3322beb7a3910*np_rxcg  
[2022-04-23 15:21:17] production.CRITICAL: https://api-m.tollgate.io/calls/aggregation/game/balance?currency=usd&playerid=7.USD.626323c278d3322beb7a3910*np_rxcg  
[2022-04-23 15:21:23] production.CRITICAL: https://api-m.tollgate.io/calls/aggregation/game/balance?currency=usd&playerid=7.USD.626323c278d3322beb7a3910*np_rxcg  
[2022-04-23 15:21:27] production.WARNING: array (
  'apikey' => 'C0544FB87E1D24380A727FA9FDBD61C6',
  'userid' => '7.USD.626323c278d3322beb7a3910*np_rxcg-usd',
  'lang' => 'en',
  'game' => 'evo-n-evolution-live-top-games',
)  
[2022-04-23 15:21:27] production.WARNING: https://evconnect.slotts.io/session/OMGreal/evolutiongaming/7.USD.626323c278d3322beb7a3910*np_rxcg-usd/top_games/219/real/7.USD.626323c278d3322beb7a3910*np_rxcg-usd/en/  
[2022-04-23 15:21:31] production.CRITICAL: https://api-m.tollgate.io/calls/aggregation/game/balance?currency=usd&playerid=7.USD.626323c278d3322beb7a3910*np_rxcg  
[2022-04-23 15:21:33] production.CRITICAL: https://api-m.tollgate.io/calls/aggregation/game/balance?currency=usd&playerid=7.USD.626323c278d3322beb7a3910*np_rxcg  
[2022-04-23 15:21:35] production.CRITICAL: https://api-m.tollgate.io/calls/aggregation/game/balance?currency=usd&playerid=7.USD.626323c278d3322beb7a3910*np_rxcg  
[2022-04-23 15:21:38] production.CRITICAL: https://api-m.tollgate.io/calls/aggregation/game/balance?currency=usd&playerid=7.USD.626323c278d3322beb7a3910*np_rxcg  
[2022-04-23 15:21:40] production.CRITICAL: https://api-m.tollgate.io/calls/aggregation/game/balance?currency=usd&playerid=7.USD.626323c278d3322beb7a3910*np_rxcg  
[2022-04-23 15:21:42] production.CRITICAL: https://api-m.tollgate.io/calls/aggregation/game/balance?currency=usd&playerid=7.USD.626323c278d3322beb7a3910*np_rxcg  
[2022-04-23 15:21:44] production.CRITICAL: https://api-m.tollgate.io/calls/aggregation/game/balance?currency=usd&playerid=7.USD.626323c278d3322beb7a3910*np_rxcg  
[2022-04-23 15:21:46] production.CRITICAL: https://api-m.tollgate.io/calls/aggregation/game/balance?currency=usd&playerid=7.USD.626323c278d3322beb7a3910*np_rxcg  
[2022-04-23 15:21:48] production.CRITICAL: https://api-m.tollgate.io/calls/aggregation/game/balance?currency=usd&playerid=7.USD.626323c278d3322beb7a3910*np_rxcg  
[2022-04-23 15:21:50] production.CRITICAL: https://api-m.tollgate.io/calls/aggregation/game/balance?currency=usd&playerid=7.USD.626323c278d3322beb7a3910*np_rxcg  
[2022-04-23 15:21:52] production.CRITICAL: https://api-m.tollgate.io/calls/aggregation/game/balance?currency=usd&playerid=7.USD.626323c278d3322beb7a3910*np_rxcg  
[2022-04-23 15:21:54] production.CRITICAL: https://api-m.tollgate.io/calls/aggregation/game/balance?currency=usd&playerid=7.USD.626323c278d3322beb7a3910*np_rxcg  
[2022-04-23 15:21:57] production.CRITICAL: https://api-m.tollgate.io/calls/aggregation/game/balance?currency=usd&playerid=7.USD.626323c278d3322beb7a3910*np_rxcg  
[2022-04-23 15:21:59] production.CRITICAL: https://api-m.tollgate.io/calls/aggregation/game/balance?currency=usd&playerid=7.USD.626323c278d3322beb7a3910*np_rxcg  
[2022-04-23 15:22:01] production.CRITICAL: https://api-m.tollgate.io/calls/aggregation/game/balance?currency=usd&playerid=7.USD.626323c278d3322beb7a3910*np_rxcg  
[2022-04-23 15:22:03] production.CRITICAL: https://api-m.tollgate.io/calls/aggregation/game/balance?currency=usd&playerid=7.USD.626323c278d3322beb7a3910*np_rxcg  
[2022-04-23 15:22:05] production.CRITICAL: https://api-m.tollgate.io/calls/aggregation/game/balance?currency=usd&playerid=7.USD.626323c278d3322beb7a3910*np_rxcg  
[2022-04-23 15:22:07] production.CRITICAL: https://api-m.tollgate.io/calls/aggregation/game/balance?currency=usd&playerid=7.USD.626323c278d3322beb7a3910*np_rxcg  
[2022-04-23 15:22:09] production.CRITICAL: https://api-m.tollgate.io/calls/aggregation/game/balance?currency=usd&playerid=7.USD.626323c278d3322beb7a3910*np_rxcg  
[2022-04-23 15:22:11] production.CRITICAL: https://api-m.tollgate.io/calls/aggregation/game/balance?currency=usd&playerid=7.USD.626323c278d3322beb7a3910*np_rxcg  
[2022-04-23 15:22:13] production.CRITICAL: https://api-m.tollgate.io/calls/aggregation/game/balance?currency=usd&playerid=7.USD.626323c278d3322beb7a3910*np_rxcg  
[2022-04-23 15:22:15] production.CRITICAL: https://api-m.tollgate.io/calls/aggregation/game/balance?currency=usd&playerid=7.USD.626323c278d3322beb7a3910*np_rxcg  
[2022-04-23 15:22:18] production.CRITICAL: https://api-m.tollgate.io/calls/aggregation/game/balance?currency=usd&playerid=7.USD.626323c278d3322beb7a3910*np_rxcg  
[2022-04-23 15:22:20] production.CRITICAL: https://api-m.tollgate.io/calls/aggregation/game/balance?currency=usd&playerid=7.USD.626323c278d3322beb7a3910*np_rxcg  
[2022-04-23 15:22:22] production.CRITICAL: https://api-m.tollgate.io/calls/aggregation/game/balance?currency=usd&playerid=7.USD.626323c278d3322beb7a3910*np_rxcg  
[2022-04-23 15:22:24] production.CRITICAL: https://api-m.tollgate.io/calls/aggregation/game/balance?currency=usd&playerid=7.USD.626323c278d3322beb7a3910*np_rxcg  
[2022-04-23 15:22:26] production.CRITICAL: https://api-m.tollgate.io/calls/aggregation/game/balance?currency=usd&playerid=7.USD.626323c278d3322beb7a3910*np_rxcg  
[2022-04-23 15:22:28] production.CRITICAL: https://api-m.tollgate.io/calls/aggregation/game/balance?currency=usd&playerid=7.USD.626323c278d3322beb7a3910*np_rxcg  
[2022-04-23 15:22:30] production.CRITICAL: https://api-m.tollgate.io/calls/aggregation/game/balance?currency=usd&playerid=7.USD.626323c278d3322beb7a3910*np_rxcg  
[2022-04-23 15:22:32] production.CRITICAL: https://api-m.tollgate.io/calls/aggregation/game/balance?currency=usd&playerid=7.USD.626323c278d3322beb7a3910*np_rxcg  
[2022-04-23 15:22:34] production.CRITICAL: https://api-m.tollgate.io/calls/aggregation/game/balance?currency=usd&playerid=7.USD.626323c278d3322beb7a3910*np_rxcg  
[2022-04-23 15:22:36] production.CRITICAL: https://api-m.tollgate.io/calls/aggregation/game/balance?currency=usd&playerid=7.USD.626323c278d3322beb7a3910*np_rxcg  
[2022-04-23 15:22:38] production.CRITICAL: https://api-m.tollgate.io/calls/aggregation/game/balance?currency=usd&playerid=7.USD.626323c278d3322beb7a3910*np_rxcg  
[2022-04-23 15:22:40] production.CRITICAL: https://api-m.tollgate.io/calls/aggregation/game/balance?currency=usd&playerid=7.USD.626323c278d3322beb7a3910*np_rxcg  
[2022-04-23 15:22:42] production.CRITICAL: https://api-m.tollgate.io/calls/aggregation/game/balance?currency=usd&playerid=7.USD.626323c278d3322beb7a3910*np_rxcg  
[2022-04-23 15:22:44] production.CRITICAL: https://api-m.tollgate.io/calls/aggregation/game/balance?currency=usd&playerid=7.USD.626323c278d3322beb7a3910*np_rxcg  
[2022-04-23 15:22:46] production.CRITICAL: https://api-m.tollgate.io/calls/aggregation/game/balance?currency=usd&playerid=7.USD.626323c278d3322beb7a3910*np_rxcg  
[2022-04-23 15:22:48] production.CRITICAL: https://api-m.tollgate.io/calls/aggregation/game/balance?currency=usd&playerid=7.USD.626323c278d3322beb7a3910*np_rxcg  
[2022-04-23 15:22:50] production.CRITICAL: https://api-m.tollgate.io/calls/aggregation/game/balance?currency=usd&playerid=7.USD.626323c278d3322beb7a3910*np_rxcg  
[2022-04-23 15:22:52] production.CRITICAL: https://api-m.tollgate.io/calls/aggregation/game/balance?currency=usd&playerid=7.USD.626323c278d3322beb7a3910*np_rxcg  
[2022-04-23 15:22:55] production.CRITICAL: https://api-m.tollgate.io/calls/aggregation/game/balance?currency=usd&playerid=7.USD.626323c278d3322beb7a3910*np_rxcg  
[2022-04-23 15:22:57] production.CRITICAL: https://api-m.tollgate.io/calls/aggregation/game/balance?currency=usd&playerid=7.USD.626323c278d3322beb7a3910*np_rxcg  
[2022-04-23 15:22:59] production.CRITICAL: https://api-m.tollgate.io/calls/aggregation/game/balance?currency=usd&playerid=7.USD.626323c278d3322beb7a3910*np_rxcg  
[2022-04-23 15:23:01] production.CRITICAL: https://api-m.tollgate.io/calls/aggregation/game/balance?currency=usd&playerid=7.USD.626323c278d3322beb7a3910*np_rxcg  
[2022-04-23 15:23:03] production.CRITICAL: https://api-m.tollgate.io/calls/aggregation/game/balance?currency=usd&playerid=7.USD.626323c278d3322beb7a3910*np_rxcg  
[2022-04-23 15:23:05] production.CRITICAL: https://api-m.tollgate.io/calls/aggregation/game/balance?currency=usd&playerid=7.USD.626323c278d3322beb7a3910*np_rxcg  
[2022-04-23 15:23:07] production.CRITICAL: https://api-m.tollgate.io/calls/aggregation/game/balance?currency=usd&playerid=7.USD.626323c278d3322beb7a3910*np_rxcg  
[2022-04-23 15:23:09] production.CRITICAL: https://api-m.tollgate.io/calls/aggregation/game/balance?currency=usd&playerid=7.USD.626323c278d3322beb7a3910*np_rxcg  
[2022-04-23 15:23:11] production.CRITICAL: https://api-m.tollgate.io/calls/aggregation/game/balance?currency=usd&playerid=7.USD.626323c278d3322beb7a3910*np_rxcg  
[2022-04-23 15:23:14] production.CRITICAL: https://api-m.tollgate.io/calls/aggregation/game/balance?currency=usd&playerid=7.USD.626323c278d3322beb7a3910*np_rxcg  
[2022-04-23 15:23:19] production.CRITICAL: https://api-m.tollgate.io/calls/aggregation/game/balance?currency=usd&playerid=7.USD.626323c278d3322beb7a3910*np_rxcg  
[2022-04-23 15:28:48] production.CRITICAL: https://api-m.tollgate.io/calls/aggregation/game/balance?currency=usd&playerid=7.USD.626323c278d3322beb7a3910*np_rxcg  
[2022-04-23 15:29:00] production.CRITICAL: https://api-m.tollgate.io/calls/aggregation/game/balance?currency=usd&playerid=7.USD.626323c278d3322beb7a3910*np_rxcg  
[2022-04-23 15:35:23] production.WARNING: array (
  'apikey' => 'C0544FB87E1D24380A727FA9FDBD61C6',
  'userid' => '7.USD.626323c278d3322beb7a3910*np_rxcg-usd',
  'lang' => 'en',
  'game' => 'evo-n-evolution-live-top-games',
)  
[2022-04-23 15:35:23] production.WARNING: https://evconnect.slotts.io/session/OMGreal/evolutiongaming/7.USD.626323c278d3322beb7a3910*np_rxcg-usd/top_games/219/real/7.USD.626323c278d3322beb7a3910*np_rxcg-usd/en/  
[2022-04-23 15:35:28] production.CRITICAL: https://api-m.tollgate.io/calls/aggregation/game/balance?currency=usd&playerid=7.USD.626323c278d3322beb7a3910*np_rxcg  
[2022-04-23 15:35:39] production.CRITICAL: https://api-m.tollgate.io/calls/aggregation/game/balance?currency=usd&playerid=7.USD.626323c278d3322beb7a3910*np_rxcg  
[2022-04-23 15:35:39] production.CRITICAL: https://api-m.tollgate.io/calls/aggregation/game/balance?currency=usd&playerid=7.USD.626323c278d3322beb7a3910*np_rxcg  
[2022-04-23 15:35:47] production.CRITICAL: https://api-m.tollgate.io/calls/aggregation/game/balance?currency=usd&playerid=7.USD.626323c278d3322beb7a3910*np_rxcg  
[2022-04-23 15:36:31] production.CRITICAL: https://api-m.tollgate.io/calls/aggregation/game/balance?currency=usd&playerid=7.USD.626323c278d3322beb7a3910*np_rxcg  
[2022-04-23 15:37:09] production.CRITICAL: https://api-m.tollgate.io/calls/aggregation/game/balance?currency=usd&playerid=7.USD.626323c278d3322beb7a3910*np_rxcg  
[2022-04-23 15:37:50] production.CRITICAL: https://api-m.tollgate.io/calls/aggregation/game/balance?currency=usd&playerid=7.USD.626323c278d3322beb7a3910*np_rxcg  
[2022-04-23 15:38:38] production.CRITICAL: https://api-m.tollgate.io/calls/aggregation/game/balance?currency=usd&playerid=7.USD.626323c278d3322beb7a3910*np_rxcg  
[2022-04-23 15:39:15] production.CRITICAL: https://api-m.tollgate.io/calls/aggregation/game/balance?currency=usd&playerid=7.USD.626323c278d3322beb7a3910*np_rxcg  
[2022-04-23 15:39:55] production.CRITICAL: https://api-m.tollgate.io/calls/aggregation/game/balance?currency=usd&playerid=7.USD.626323c278d3322beb7a3910*np_rxcg  
[2022-04-23 15:40:35] production.CRITICAL: https://api-m.tollgate.io/calls/aggregation/game/balance?currency=usd&playerid=7.USD.626323c278d3322beb7a3910*np_rxcg  
[2022-04-23 15:41:18] production.CRITICAL: https://api-m.tollgate.io/calls/aggregation/game/balance?currency=usd&playerid=7.USD.626323c278d3322beb7a3910*np_rxcg  
[2022-04-23 15:41:59] production.CRITICAL: https://api-m.tollgate.io/calls/aggregation/game/balance?currency=usd&playerid=7.USD.626323c278d3322beb7a3910*np_rxcg  
[2022-04-23 15:42:35] production.CRITICAL: https://api-m.tollgate.io/calls/aggregation/game/balance?currency=usd&playerid=7.USD.626323c278d3322beb7a3910*np_rxcg  
[2022-04-23 15:43:12] production.CRITICAL: https://api-m.tollgate.io/calls/aggregation/game/balance?currency=usd&playerid=7.USD.626323c278d3322beb7a3910*np_rxcg  
[2022-04-23 15:43:55] production.CRITICAL: https://api-m.tollgate.io/calls/aggregation/game/balance?currency=usd&playerid=7.USD.626323c278d3322beb7a3910*np_rxcg  
[2022-04-23 15:44:38] production.CRITICAL: https://api-m.tollgate.io/calls/aggregation/game/balance?currency=usd&playerid=7.USD.626323c278d3322beb7a3910*np_rxcg  
[2022-04-23 15:45:23] production.CRITICAL: https://api-m.tollgate.io/calls/aggregation/game/balance?currency=usd&playerid=7.USD.626323c278d3322beb7a3910*np_rxcg  
[2022-04-23 15:46:05] production.CRITICAL: https://api-m.tollgate.io/calls/aggregation/game/balance?currency=usd&playerid=7.USD.626323c278d3322beb7a3910*np_rxcg  
[2022-04-23 15:46:48] production.CRITICAL: https://api-m.tollgate.io/calls/aggregation/game/balance?currency=usd&playerid=7.USD.626323c278d3322beb7a3910*np_rxcg  
[2022-04-23 15:47:25] production.CRITICAL: https://api-m.tollgate.io/calls/aggregation/game/balance?currency=usd&playerid=7.USD.626323c278d3322beb7a3910*np_rxcg  
[2022-04-23 15:48:05] production.CRITICAL: https://api-m.tollgate.io/calls/aggregation/game/balance?currency=usd&playerid=7.USD.626323c278d3322beb7a3910*np_rxcg  
[2022-04-23 15:48:49] production.CRITICAL: https://api-m.tollgate.io/calls/aggregation/game/balance?currency=usd&playerid=7.USD.626323c278d3322beb7a3910*np_rxcg  
[2022-04-23 15:49:26] production.CRITICAL: https://api-m.tollgate.io/calls/aggregation/game/balance?currency=usd&playerid=7.USD.626323c278d3322beb7a3910*np_rxcg  
[2022-04-23 15:50:10] production.CRITICAL: https://api-m.tollgate.io/calls/aggregation/game/balance?currency=usd&playerid=7.USD.626323c278d3322beb7a3910*np_rxcg  
[2022-04-23 15:50:49] production.CRITICAL: https://api-m.tollgate.io/calls/aggregation/game/balance?currency=usd&playerid=7.USD.626323c278d3322beb7a3910*np_rxcg  
[2022-04-23 15:51:32] production.CRITICAL: https://api-m.tollgate.io/calls/aggregation/game/balance?currency=usd&playerid=7.USD.626323c278d3322beb7a3910*np_rxcg  
[2022-04-23 15:52:12] production.CRITICAL: https://api-m.tollgate.io/calls/aggregation/game/balance?currency=usd&playerid=7.USD.626323c278d3322beb7a3910*np_rxcg  
[2022-04-23 15:53:01] production.CRITICAL: https://api-m.tollgate.io/calls/aggregation/game/balance?currency=usd&playerid=7.USD.626323c278d3322beb7a3910*np_rxcg  
[2022-04-23 15:53:37] production.WARNING: array (
  'apikey' => 'C0544FB87E1D24380A727FA9FDBD61C6',
  'userid' => '7.USD.626323c278d3322beb7a3910*np_rxcg-usd',
  'lang' => 'en',
  'game' => 'evo-n-evolution-live-top-games',
)  
[2022-04-23 15:53:37] production.WARNING: https://evconnect.slotts.io/session/OMGreal/evolutiongaming/7.USD.626323c278d3322beb7a3910*np_rxcg-usd/top_games/219/real/7.USD.626323c278d3322beb7a3910*np_rxcg-usd/en/  
[2022-04-23 15:53:44] production.CRITICAL: https://api-m.tollgate.io/calls/aggregation/game/balance?currency=usd&playerid=7.USD.626323c278d3322beb7a3910*np_rxcg  
[2022-04-23 15:53:46] production.CRITICAL: https://api-m.tollgate.io/calls/aggregation/game/balance?currency=usd&playerid=7.USD.626323c278d3322beb7a3910*np_rxcg  
[2022-04-23 15:53:58] production.CRITICAL: https://api-m.tollgate.io/calls/aggregation/game/balance?currency=usd&playerid=7.USD.626323c278d3322beb7a3910*np_rxcg  
[2022-04-23 15:53:58] production.CRITICAL: https://api-m.tollgate.io/calls/aggregation/game/balance?currency=usd&playerid=7.USD.626323c278d3322beb7a3910*np_rxcg  
[2022-04-23 15:54:00] production.CRITICAL: https://api-m.tollgate.io/calls/aggregation/game/balance?currency=usd&playerid=7.USD.626323c278d3322beb7a3910*np_rxcg  
[2022-04-23 15:54:01] production.CRITICAL: https://api-m.tollgate.io/calls/aggregation/game/balance?currency=usd&playerid=7.USD.626323c278d3322beb7a3910*np_rxcg  
[2022-04-23 15:54:15] production.CRITICAL: https://api-m.tollgate.io/calls/aggregation/game/balance?currency=usd&playerid=7.USD.626323c278d3322beb7a3910*np_rxcg  
[2022-04-23 15:54:16] production.CRITICAL: https://api-m.tollgate.io/calls/aggregation/game/balance?currency=usd&playerid=7.USD.626323c278d3322beb7a3910*np_rxcg  
[2022-04-23 15:56:19] production.CRITICAL: https://api-m.tollgate.io/calls/aggregation/game/balance?currency=usd&playerid=7.USD.626323c278d3322beb7a3910*np_rxcg  
[2022-04-23 15:56:23] production.CRITICAL: https://api-m.tollgate.io/calls/aggregation/game/balance?currency=usd&playerid=7.USD.626323c278d3322beb7a3910*np_rxcg  
[2022-04-23 15:56:23] production.CRITICAL: https://api-m.tollgate.io/calls/aggregation/game/balance?currency=usd&playerid=7.USD.626323c278d3322beb7a3910*np_rxcg  
[2022-04-23 15:56:42] production.CRITICAL: https://api-m.tollgate.io/calls/aggregation/game/balance?currency=usd&playerid=7.USD.626323c278d3322beb7a3910*np_rxcg  
[2022-04-23 15:56:42] production.WARNING: array (
  'sign' => 'e08fc944c06852bd9779405728a9a29c',
  'currency' => 'usd',
  'gameid' => 'evo-n-instant-roulette',
  'roundid' => '16e8917f288592984eab8c50-qbkhxmau25hfgl5y',
  'playerid' => '219!7.USD.626323c278d3322beb7a3910*np_rxcg',
  'bet' => 200,
  'win' => 0,
  'bonusmode' => '0',
  'final' => '0',
  'gameprovider' => 'evolution',
)  
[2022-04-23 15:56:42] production.CRITICAL: https://api-m.tollgate.io/calls/aggregation/game/bet?currency=usd&softswiss=evo-n-instant-roulette&gameprovider=evolution&gameid=evo-n-instant-roulette&roundid=16e8917f288592984eab8c50-qbkhxmau25hfgl5y&playerid=7.USD.626323c278d3322beb7a3910*np_rxcg&bet=200&win=0&bonusmode=0&final=0&sign=9082dc63659259b415d4f0c4ab091388  
[2022-04-23 15:56:42] production.CRITICAL: {"result":{"balance":2049,"freegames":0},"id":0,"jsonrpc":"2.0"}  
[2022-04-23 15:56:53] production.WARNING: array (
  'sign' => 'e08fc944c06852bd9779405728a9a29c',
  'currency' => 'usd',
  'gameid' => 'evo-n-instant-roulette',
  'roundid' => '16e8917f288592984eab8c50-qbkhxmau25hfgl5y',
  'playerid' => '219!7.USD.626323c278d3322beb7a3910*np_rxcg',
  'bet' => 0,
  'win' => 400,
  'bonusmode' => '0',
  'final' => '1',
  'gameprovider' => 'evolution',
  'total_win' => '400',
  'total_bet' => '200',
)  
[2022-04-23 15:56:53] production.CRITICAL: https://api-m.tollgate.io/calls/aggregation/game/bet?currency=usd&softswiss=evo-n-instant-roulette&gameprovider=evolution&gameid=evo-n-instant-roulette&roundid=16e8917f288592984eab8c50-qbkhxmau25hfgl5y&playerid=7.USD.626323c278d3322beb7a3910*np_rxcg&bet=0&win=400&bonusmode=0&final=1&totalBet=200&totalWin=400&sign=9082dc63659259b415d4f0c4ab091388  
[2022-04-23 15:56:54] production.CRITICAL: {"result":{"balance":2449,"freegames":0},"id":0,"jsonrpc":"2.0"}  
[2022-04-23 15:57:50] production.CRITICAL: https://api-m.tollgate.io/calls/aggregation/game/balance?currency=usd&playerid=7.USD.626323c278d3322beb7a3910*np_rxcg  
[2022-04-23 15:57:52] production.CRITICAL: https://api-m.tollgate.io/calls/aggregation/game/balance?currency=usd&playerid=7.USD.626323c278d3322beb7a3910*np_rxcg  
[2022-04-23 15:57:53] production.CRITICAL: https://api-m.tollgate.io/calls/aggregation/game/balance?currency=usd&playerid=7.USD.626323c278d3322beb7a3910*np_rxcg  
[2022-04-23 15:58:15] production.CRITICAL: https://api-m.tollgate.io/calls/aggregation/game/balance?currency=usd&playerid=7.USD.626323c278d3322beb7a3910*np_rxcg  
[2022-04-23 15:58:15] production.CRITICAL: https://api-m.tollgate.io/calls/aggregation/game/balance?currency=usd&playerid=7.USD.626323c278d3322beb7a3910*np_rxcg  
[2022-04-23 15:58:26] production.WARNING: array (
  'sign' => 'ff4fef7d3d890f7169e0d85895c9ae36',
  'currency' => 'usd',
  'gameid' => 'evo-n-instant-roulette',
  'roundid' => '16e891a8552fa3965de8390f-qbkhxmau25hfgl5y',
  'playerid' => '219!7.USD.626323c278d3322beb7a3910*np_rxcg',
  'bet' => 400,
  'win' => 0,
  'bonusmode' => '0',
  'final' => '0',
  'gameprovider' => 'evolution',
)  
[2022-04-23 15:58:26] production.CRITICAL: https://api-m.tollgate.io/calls/aggregation/game/bet?currency=usd&softswiss=evo-n-instant-roulette&gameprovider=evolution&gameid=evo-n-instant-roulette&roundid=16e891a8552fa3965de8390f-qbkhxmau25hfgl5y&playerid=7.USD.626323c278d3322beb7a3910*np_rxcg&bet=400&win=0&bonusmode=0&final=0&sign=2a279b7e84a73913d23d9c99cc773786  
[2022-04-23 15:58:26] production.CRITICAL: {"result":{"balance":2049,"freegames":0},"id":0,"jsonrpc":"2.0"}  
[2022-04-23 15:58:27] production.CRITICAL: https://api-m.tollgate.io/calls/aggregation/game/balance?currency=usd&playerid=7.USD.626323c278d3322beb7a3910*np_rxcg  
[2022-04-23 15:58:36] production.WARNING: array (
  'sign' => 'ff4fef7d3d890f7169e0d85895c9ae36',
  'currency' => 'usd',
  'gameid' => 'evo-n-instant-roulette',
  'roundid' => '16e891a8552fa3965de8390f-qbkhxmau25hfgl5y',
  'playerid' => '219!7.USD.626323c278d3322beb7a3910*np_rxcg',
  'bet' => 0,
  'win' => 0,
  'bonusmode' => '0',
  'final' => '1',
  'gameprovider' => 'evolution',
  'total_win' => '0',
  'total_bet' => '400',
)  
[2022-04-23 15:58:36] production.CRITICAL: https://api-m.tollgate.io/calls/aggregation/game/bet?currency=usd&softswiss=evo-n-instant-roulette&gameprovider=evolution&gameid=evo-n-instant-roulette&roundid=16e891a8552fa3965de8390f-qbkhxmau25hfgl5y&playerid=7.USD.626323c278d3322beb7a3910*np_rxcg&bet=0&win=0&bonusmode=0&final=1&totalBet=400&totalWin=0&sign=2a279b7e84a73913d23d9c99cc773786  
[2022-04-23 15:58:36] production.CRITICAL: {"result":{"balance":2049,"freegames":0},"id":0,"jsonrpc":"2.0"}  
[2022-04-23 15:59:04] production.CRITICAL: https://api-m.tollgate.io/calls/aggregation/game/balance?currency=usd&playerid=7.USD.626323c278d3322beb7a3910*np_rxcg  
[2022-04-23 15:59:05] production.WARNING: array (
  'sign' => '45ef0076b0fe920904b5d58bddc568a1',
  'currency' => 'usd',
  'gameid' => 'evo-n-instant-roulette',
  'roundid' => '16e891c023b3948604b264a9-qbkhxmau25hfgl5y',
  'playerid' => '219!7.USD.626323c278d3322beb7a3910*np_rxcg',
  'bet' => 200,
  'win' => 0,
  'bonusmode' => '0',
  'final' => '0',
  'gameprovider' => 'evolution',
)  
[2022-04-23 15:59:05] production.CRITICAL: https://api-m.tollgate.io/calls/aggregation/game/bet?currency=usd&softswiss=evo-n-instant-roulette&gameprovider=evolution&gameid=evo-n-instant-roulette&roundid=16e891c023b3948604b264a9-qbkhxmau25hfgl5y&playerid=7.USD.626323c278d3322beb7a3910*np_rxcg&bet=200&win=0&bonusmode=0&final=0&sign=a70b10a5eee979cb61fe432db494ee80  
[2022-04-23 15:59:05] production.CRITICAL: {"result":{"balance":1849,"freegames":0},"id":0,"jsonrpc":"2.0"}  
[2022-04-23 15:59:20] production.WARNING: array (
  'sign' => '45ef0076b0fe920904b5d58bddc568a1',
  'currency' => 'usd',
  'gameid' => 'evo-n-instant-roulette',
  'roundid' => '16e891c023b3948604b264a9-qbkhxmau25hfgl5y',
  'playerid' => '219!7.USD.626323c278d3322beb7a3910*np_rxcg',
  'bet' => 0,
  'win' => 400,
  'bonusmode' => '0',
  'final' => '1',
  'gameprovider' => 'evolution',
  'total_win' => '400',
  'total_bet' => '200',
)  
[2022-04-23 15:59:20] production.CRITICAL: https://api-m.tollgate.io/calls/aggregation/game/bet?currency=usd&softswiss=evo-n-instant-roulette&gameprovider=evolution&gameid=evo-n-instant-roulette&roundid=16e891c023b3948604b264a9-qbkhxmau25hfgl5y&playerid=7.USD.626323c278d3322beb7a3910*np_rxcg&bet=0&win=400&bonusmode=0&final=1&totalBet=200&totalWin=400&sign=a70b10a5eee979cb61fe432db494ee80  
[2022-04-23 15:59:21] production.CRITICAL: {"result":{"balance":2249,"freegames":0},"id":0,"jsonrpc":"2.0"}  
[2022-04-23 15:59:41] production.WARNING: array (
  'sign' => 'b59d3f6177ed383d4476273f66159965',
  'currency' => 'usd',
  'gameid' => 'evo-n-instant-roulette',
  'roundid' => '16e891caab70d76797b7b8d0-qbkhxmau25hfgl5y',
  'playerid' => '219!7.USD.626323c278d3322beb7a3910*np_rxcg',
  'bet' => 200,
  'win' => 0,
  'bonusmode' => '0',
  'final' => '0',
  'gameprovider' => 'evolution',
)  
[2022-04-23 15:59:41] production.CRITICAL: https://api-m.tollgate.io/calls/aggregation/game/bet?currency=usd&softswiss=evo-n-instant-roulette&gameprovider=evolution&gameid=evo-n-instant-roulette&roundid=16e891caab70d76797b7b8d0-qbkhxmau25hfgl5y&playerid=7.USD.626323c278d3322beb7a3910*np_rxcg&bet=200&win=0&bonusmode=0&final=0&sign=e8acd18c5f6771da5b11897f69a6f8c9  
[2022-04-23 15:59:42] production.CRITICAL: {"result":{"balance":2049,"freegames":0},"id":0,"jsonrpc":"2.0"}  
[2022-04-23 15:59:43] production.CRITICAL: https://api-m.tollgate.io/calls/aggregation/game/balance?currency=usd&playerid=7.USD.626323c278d3322beb7a3910*np_rxcg  
[2022-04-23 15:59:51] production.WARNING: array (
  'sign' => 'b59d3f6177ed383d4476273f66159965',
  'currency' => 'usd',
  'gameid' => 'evo-n-instant-roulette',
  'roundid' => '16e891caab70d76797b7b8d0-qbkhxmau25hfgl5y',
  'playerid' => '219!7.USD.626323c278d3322beb7a3910*np_rxcg',
  'bet' => 0,
  'win' => 400,
  'bonusmode' => '0',
  'final' => '1',
  'gameprovider' => 'evolution',
  'total_win' => '400',
  'total_bet' => '200',
)  
[2022-04-23 15:59:51] production.CRITICAL: https://api-m.tollgate.io/calls/aggregation/game/bet?currency=usd&softswiss=evo-n-instant-roulette&gameprovider=evolution&gameid=evo-n-instant-roulette&roundid=16e891caab70d76797b7b8d0-qbkhxmau25hfgl5y&playerid=7.USD.626323c278d3322beb7a3910*np_rxcg&bet=0&win=400&bonusmode=0&final=1&totalBet=200&totalWin=400&sign=e8acd18c5f6771da5b11897f69a6f8c9  
[2022-04-23 15:59:51] production.CRITICAL: {"result":{"balance":2449,"freegames":0},"id":0,"jsonrpc":"2.0"}  
[2022-04-23 16:01:15] production.WARNING: array (
  'sign' => '291df5b7939e378cf81edc7e797e3ff3',
  'currency' => 'usd',
  'gameid' => 'evo-n-instant-roulette',
  'roundid' => '16e891d19b7afc42e6d022a4-qbkhxmau25hfgl5y',
  'playerid' => '219!7.USD.626323c278d3322beb7a3910*np_rxcg',
  'bet' => 200,
  'win' => 0,
  'bonusmode' => '0',
  'final' => '0',
  'gameprovider' => 'evolution',
)  
[2022-04-23 16:01:15] production.CRITICAL: https://api-m.tollgate.io/calls/aggregation/game/bet?currency=usd&softswiss=evo-n-instant-roulette&gameprovider=evolution&gameid=evo-n-instant-roulette&roundid=16e891d19b7afc42e6d022a4-qbkhxmau25hfgl5y&playerid=7.USD.626323c278d3322beb7a3910*np_rxcg&bet=200&win=0&bonusmode=0&final=0&sign=259b45c47fd65a311f0f79fcb1d7f5ac  
[2022-04-23 16:01:15] production.CRITICAL: {"result":{"balance":2249,"freegames":0},"id":0,"jsonrpc":"2.0"}  
[2022-04-23 16:01:16] production.CRITICAL: https://api-m.tollgate.io/calls/aggregation/game/balance?currency=usd&playerid=7.USD.626323c278d3322beb7a3910*np_rxcg  
[2022-04-23 16:01:27] production.WARNING: array (
  'sign' => '291df5b7939e378cf81edc7e797e3ff3',
  'currency' => 'usd',
  'gameid' => 'evo-n-instant-roulette',
  'roundid' => '16e891d19b7afc42e6d022a4-qbkhxmau25hfgl5y',
  'playerid' => '219!7.USD.626323c278d3322beb7a3910*np_rxcg',
  'bet' => 0,
  'win' => 0,
  'bonusmode' => '0',
  'final' => '1',
  'gameprovider' => 'evolution',
  'total_win' => '0',
  'total_bet' => '200',
)  
[2022-04-23 16:01:27] production.CRITICAL: https://api-m.tollgate.io/calls/aggregation/game/bet?currency=usd&softswiss=evo-n-instant-roulette&gameprovider=evolution&gameid=evo-n-instant-roulette&roundid=16e891d19b7afc42e6d022a4-qbkhxmau25hfgl5y&playerid=7.USD.626323c278d3322beb7a3910*np_rxcg&bet=0&win=0&bonusmode=0&final=1&totalBet=200&totalWin=0&sign=259b45c47fd65a311f0f79fcb1d7f5ac  
[2022-04-23 16:01:28] production.CRITICAL: {"result":{"balance":2249,"freegames":0},"id":0,"jsonrpc":"2.0"}  
[2022-04-23 16:04:21] production.WARNING: array (
  'sign' => 'd9ab32b5baf410eab60ee1554ae49c06',
  'currency' => 'usd',
  'gameid' => 'evo-n-instant-roulette',
  'roundid' => '16e891e85b73485601cb4a50-qbkhxmau25hfgl5y',
  'playerid' => '219!7.USD.626323c278d3322beb7a3910*np_rxcg',
  'bet' => 400,
  'win' => 0,
  'bonusmode' => '0',
  'final' => '0',
  'gameprovider' => 'evolution',
)  
[2022-04-23 16:04:21] production.CRITICAL: https://api-m.tollgate.io/calls/aggregation/game/bet?currency=usd&softswiss=evo-n-instant-roulette&gameprovider=evolution&gameid=evo-n-instant-roulette&roundid=16e891e85b73485601cb4a50-qbkhxmau25hfgl5y&playerid=7.USD.626323c278d3322beb7a3910*np_rxcg&bet=400&win=0&bonusmode=0&final=0&sign=96f115e21295cb9da82af4ccead8fa92  
[2022-04-23 16:04:21] production.CRITICAL: {"result":{"balance":1849,"freegames":0},"id":0,"jsonrpc":"2.0"}  
[2022-04-23 16:04:21] production.CRITICAL: https://api-m.tollgate.io/calls/aggregation/game/balance?currency=usd&playerid=7.USD.626323c278d3322beb7a3910*np_rxcg  
[2022-04-23 16:04:31] production.WARNING: array (
  'sign' => 'd9ab32b5baf410eab60ee1554ae49c06',
  'currency' => 'usd',
  'gameid' => 'evo-n-instant-roulette',
  'roundid' => '16e891e85b73485601cb4a50-qbkhxmau25hfgl5y',
  'playerid' => '219!7.USD.626323c278d3322beb7a3910*np_rxcg',
  'bet' => 0,
  'win' => 0,
  'bonusmode' => '0',
  'final' => '1',
  'gameprovider' => 'evolution',
  'total_win' => '0',
  'total_bet' => '400',
)  
[2022-04-23 16:04:31] production.CRITICAL: https://api-m.tollgate.io/calls/aggregation/game/bet?currency=usd&softswiss=evo-n-instant-roulette&gameprovider=evolution&gameid=evo-n-instant-roulette&roundid=16e891e85b73485601cb4a50-qbkhxmau25hfgl5y&playerid=7.USD.626323c278d3322beb7a3910*np_rxcg&bet=0&win=0&bonusmode=0&final=1&totalBet=400&totalWin=0&sign=96f115e21295cb9da82af4ccead8fa92  
[2022-04-23 16:04:32] production.CRITICAL: {"result":{"balance":1849,"freegames":0},"id":0,"jsonrpc":"2.0"}  
[2022-04-23 16:04:56] production.WARNING: array (
  'sign' => '822d5ba7787fee3171fdc00cb08c1a83',
  'currency' => 'usd',
  'gameid' => 'evo-n-instant-roulette',
  'roundid' => '16e89212cb2bfd8ea168cd2f-qbkhxmau25hfgl5y',
  'playerid' => '219!7.USD.626323c278d3322beb7a3910*np_rxcg',
  'bet' => 200,
  'win' => 0,
  'bonusmode' => '0',
  'final' => '0',
  'gameprovider' => 'evolution',
)  
[2022-04-23 16:04:56] production.CRITICAL: https://api-m.tollgate.io/calls/aggregation/game/bet?currency=usd&softswiss=evo-n-instant-roulette&gameprovider=evolution&gameid=evo-n-instant-roulette&roundid=16e89212cb2bfd8ea168cd2f-qbkhxmau25hfgl5y&playerid=7.USD.626323c278d3322beb7a3910*np_rxcg&bet=200&win=0&bonusmode=0&final=0&sign=13879a5eb662392930d48aa47450852e  
[2022-04-23 16:04:56] production.CRITICAL: {"result":{"balance":1649,"freegames":0},"id":0,"jsonrpc":"2.0"}  
[2022-04-23 16:04:57] production.CRITICAL: https://api-m.tollgate.io/calls/aggregation/game/balance?currency=usd&playerid=7.USD.626323c278d3322beb7a3910*np_rxcg  
[2022-04-23 16:05:08] production.WARNING: array (
  'sign' => '822d5ba7787fee3171fdc00cb08c1a83',
  'currency' => 'usd',
  'gameid' => 'evo-n-instant-roulette',
  'roundid' => '16e89212cb2bfd8ea168cd2f-qbkhxmau25hfgl5y',
  'playerid' => '219!7.USD.626323c278d3322beb7a3910*np_rxcg',
  'bet' => 0,
  'win' => 0,
  'bonusmode' => '0',
  'final' => '1',
  'gameprovider' => 'evolution',
  'total_win' => '0',
  'total_bet' => '200',
)  
[2022-04-23 16:05:08] production.CRITICAL: https://api-m.tollgate.io/calls/aggregation/game/bet?currency=usd&softswiss=evo-n-instant-roulette&gameprovider=evolution&gameid=evo-n-instant-roulette&roundid=16e89212cb2bfd8ea168cd2f-qbkhxmau25hfgl5y&playerid=7.USD.626323c278d3322beb7a3910*np_rxcg&bet=0&win=0&bonusmode=0&final=1&totalBet=200&totalWin=0&sign=13879a5eb662392930d48aa47450852e  
[2022-04-23 16:05:08] production.CRITICAL: {"result":{"balance":1649,"freegames":0},"id":0,"jsonrpc":"2.0"}  
[2022-04-23 16:06:56] production.CRITICAL: https://api-m.tollgate.io/calls/aggregation/game/balance?currency=usd&playerid=7.USD.626323c278d3322beb7a3910*np_rxcg  
[2022-04-23 16:16:10] production.CRITICAL: https://api-m.tollgate.io/calls/aggregation/game/balance?currency=usd&playerid=7.USD.626323c278d3322beb7a3910*np_rxcg  
[2022-04-23 16:16:48] production.CRITICAL: https://api-m.tollgate.io/calls/aggregation/game/balance?currency=usd&playerid=7.USD.626323c278d3322beb7a3910*np_rxcg  
[2022-04-23 16:16:48] production.CRITICAL: https://api-m.tollgate.io/calls/aggregation/game/balance?currency=usd&playerid=7.USD.626323c278d3322beb7a3910*np_rxcg  
[2022-04-23 16:17:21] production.CRITICAL: https://api-m.tollgate.io/calls/aggregation/game/balance?currency=usd&playerid=7.USD.626323c278d3322beb7a3910*np_rxcg  
[2022-04-23 16:18:00] production.CRITICAL: https://api-m.tollgate.io/calls/aggregation/game/balance?currency=usd&playerid=7.USD.626323c278d3322beb7a3910*np_rxcg  
[2022-04-23 16:18:39] production.CRITICAL: https://api-m.tollgate.io/calls/aggregation/game/balance?currency=usd&playerid=7.USD.626323c278d3322beb7a3910*np_rxcg  
[2022-04-23 16:19:23] production.CRITICAL: https://api-m.tollgate.io/calls/aggregation/game/balance?currency=usd&playerid=7.USD.626323c278d3322beb7a3910*np_rxcg  
[2022-04-23 16:20:02] production.CRITICAL: https://api-m.tollgate.io/calls/aggregation/game/balance?currency=usd&playerid=7.USD.626323c278d3322beb7a3910*np_rxcg  
[2022-04-23 16:20:40] production.CRITICAL: https://api-m.tollgate.io/calls/aggregation/game/balance?currency=usd&playerid=7.USD.626323c278d3322beb7a3910*np_rxcg  
[2022-04-23 16:21:22] production.CRITICAL: https://api-m.tollgate.io/calls/aggregation/game/balance?currency=usd&playerid=7.USD.626323c278d3322beb7a3910*np_rxcg  
[2022-04-23 16:22:01] production.CRITICAL: https://api-m.tollgate.io/calls/aggregation/game/balance?currency=usd&playerid=7.USD.626323c278d3322beb7a3910*np_rxcg  
[2022-04-23 16:22:37] production.CRITICAL: https://api-m.tollgate.io/calls/aggregation/game/balance?currency=usd&playerid=7.USD.626323c278d3322beb7a3910*np_rxcg  
[2022-04-23 16:23:20] production.CRITICAL: https://api-m.tollgate.io/calls/aggregation/game/balance?currency=usd&playerid=7.USD.626323c278d3322beb7a3910*np_rxcg  
[2022-04-23 16:23:59] production.CRITICAL: https://api-m.tollgate.io/calls/aggregation/game/balance?currency=usd&playerid=7.USD.626323c278d3322beb7a3910*np_rxcg  
[2022-04-23 16:24:41] production.CRITICAL: https://api-m.tollgate.io/calls/aggregation/game/balance?currency=usd&playerid=7.USD.626323c278d3322beb7a3910*np_rxcg  
[2022-04-23 16:25:25] production.CRITICAL: https://api-m.tollgate.io/calls/aggregation/game/balance?currency=usd&playerid=7.USD.626323c278d3322beb7a3910*np_rxcg  
[2022-04-23 16:26:02] production.CRITICAL: https://api-m.tollgate.io/calls/aggregation/game/balance?currency=usd&playerid=7.USD.626323c278d3322beb7a3910*np_rxcg  
[2022-04-23 16:26:39] production.CRITICAL: https://api-m.tollgate.io/calls/aggregation/game/balance?currency=usd&playerid=7.USD.626323c278d3322beb7a3910*np_rxcg  
[2022-04-23 16:27:13] production.CRITICAL: https://api-m.tollgate.io/calls/aggregation/game/balance?currency=usd&playerid=7.USD.626323c278d3322beb7a3910*np_rxcg  
[2022-04-23 16:27:56] production.CRITICAL: https://api-m.tollgate.io/calls/aggregation/game/balance?currency=usd&playerid=7.USD.626323c278d3322beb7a3910*np_rxcg  
[2022-04-23 16:28:35] production.CRITICAL: https://api-m.tollgate.io/calls/aggregation/game/balance?currency=usd&playerid=7.USD.626323c278d3322beb7a3910*np_rxcg  
[2022-04-23 16:29:09] production.CRITICAL: https://api-m.tollgate.io/calls/aggregation/game/balance?currency=usd&playerid=7.USD.626323c278d3322beb7a3910*np_rxcg  
[2022-04-23 16:29:46] production.CRITICAL: https://api-m.tollgate.io/calls/aggregation/game/balance?currency=usd&playerid=7.USD.626323c278d3322beb7a3910*np_rxcg  
[2022-04-23 16:30:28] production.CRITICAL: https://api-m.tollgate.io/calls/aggregation/game/balance?currency=usd&playerid=7.USD.626323c278d3322beb7a3910*np_rxcg  
[2022-04-23 16:31:13] production.CRITICAL: https://api-m.tollgate.io/calls/aggregation/game/balance?currency=usd&playerid=7.USD.626323c278d3322beb7a3910*np_rxcg  
[2022-04-23 16:31:57] production.CRITICAL: https://api-m.tollgate.io/calls/aggregation/game/balance?currency=usd&playerid=7.USD.626323c278d3322beb7a3910*np_rxcg  
[2022-04-23 16:32:40] production.CRITICAL: https://api-m.tollgate.io/calls/aggregation/game/balance?currency=usd&playerid=7.USD.626323c278d3322beb7a3910*np_rxcg  
[2022-04-23 16:33:18] production.CRITICAL: https://api-m.tollgate.io/calls/aggregation/game/balance?currency=usd&playerid=7.USD.626323c278d3322beb7a3910*np_rxcg  
[2022-04-23 16:33:54] production.CRITICAL: https://api-m.tollgate.io/calls/aggregation/game/balance?currency=usd&playerid=7.USD.626323c278d3322beb7a3910*np_rxcg  
[2022-04-23 16:34:37] production.CRITICAL: https://api-m.tollgate.io/calls/aggregation/game/balance?currency=usd&playerid=7.USD.626323c278d3322beb7a3910*np_rxcg  
[2022-04-23 16:35:16] production.CRITICAL: https://api-m.tollgate.io/calls/aggregation/game/balance?currency=usd&playerid=7.USD.626323c278d3322beb7a3910*np_rxcg  
[2022-04-23 16:35:50] production.CRITICAL: https://api-m.tollgate.io/calls/aggregation/game/balance?currency=usd&playerid=7.USD.626323c278d3322beb7a3910*np_rxcg  
[2022-04-23 16:36:25] production.CRITICAL: https://api-m.tollgate.io/calls/aggregation/game/balance?currency=usd&playerid=7.USD.626323c278d3322beb7a3910*np_rxcg  
[2022-04-23 16:37:03] production.CRITICAL: https://api-m.tollgate.io/calls/aggregation/game/balance?currency=usd&playerid=7.USD.626323c278d3322beb7a3910*np_rxcg  
[2022-04-23 16:37:39] production.CRITICAL: https://api-m.tollgate.io/calls/aggregation/game/balance?currency=usd&playerid=7.USD.626323c278d3322beb7a3910*np_rxcg  
[2022-04-23 16:38:27] production.CRITICAL: https://api-m.tollgate.io/calls/aggregation/game/balance?currency=usd&playerid=7.USD.626323c278d3322beb7a3910*np_rxcg  
[2022-04-23 16:39:09] production.CRITICAL: https://api-m.tollgate.io/calls/aggregation/game/balance?currency=usd&playerid=7.USD.626323c278d3322beb7a3910*np_rxcg  
[2022-04-23 16:39:46] production.CRITICAL: https://api-m.tollgate.io/calls/aggregation/game/balance?currency=usd&playerid=7.USD.626323c278d3322beb7a3910*np_rxcg  
[2022-04-23 16:40:25] production.CRITICAL: https://api-m.tollgate.io/calls/aggregation/game/balance?currency=usd&playerid=7.USD.626323c278d3322beb7a3910*np_rxcg  
[2022-04-23 16:41:00] production.CRITICAL: https://api-m.tollgate.io/calls/aggregation/game/balance?currency=usd&playerid=7.USD.626323c278d3322beb7a3910*np_rxcg  
[2022-04-23 16:41:35] production.CRITICAL: https://api-m.tollgate.io/calls/aggregation/game/balance?currency=usd&playerid=7.USD.626323c278d3322beb7a3910*np_rxcg  
[2022-04-23 16:42:11] production.CRITICAL: https://api-m.tollgate.io/calls/aggregation/game/balance?currency=usd&playerid=7.USD.626323c278d3322beb7a3910*np_rxcg  
[2022-04-23 16:42:48] production.CRITICAL: https://api-m.tollgate.io/calls/aggregation/game/balance?currency=usd&playerid=7.USD.626323c278d3322beb7a3910*np_rxcg  
[2022-04-23 16:43:27] production.CRITICAL: https://api-m.tollgate.io/calls/aggregation/game/balance?currency=usd&playerid=7.USD.626323c278d3322beb7a3910*np_rxcg  
[2022-04-23 16:44:06] production.CRITICAL: https://api-m.tollgate.io/calls/aggregation/game/balance?currency=usd&playerid=7.USD.626323c278d3322beb7a3910*np_rxcg  
[2022-04-23 16:44:50] production.CRITICAL: https://api-m.tollgate.io/calls/aggregation/game/balance?currency=usd&playerid=7.USD.626323c278d3322beb7a3910*np_rxcg  
[2022-04-23 16:45:31] production.CRITICAL: https://api-m.tollgate.io/calls/aggregation/game/balance?currency=usd&playerid=7.USD.626323c278d3322beb7a3910*np_rxcg  
